{"timestamp":"2023-09-15T17:08:35.502Z","level":"error","message":"One or more tags are invalid."}
{"timestamp":"2023-09-15T17:40:08.021Z","level":"error","message":"Page not found."}
{"timestamp":"2023-09-15T17:44:43.810Z","level":"error","message":"Invalid username or password."}
{"timestamp":"2023-09-15T17:46:33.305Z","level":"error","message":"Invalid username or password."}
{"timestamp":"2023-09-15T17:46:45.999Z","level":"error","message":"Invalid username or password."}
{"timestamp":"2023-09-22T17:22:10.714Z","level":"error","message":"Unauthorized."}
{"timestamp":"2023-09-22T17:22:10.774Z","level":"error","message":"Invalid username or password."}
{"timestamp":"2023-09-22T17:22:10.799Z","level":"error","message":"Invalid token."}
{"timestamp":"2023-09-22T17:22:10.827Z","level":"error","message":"Invalid token."}
{"timestamp":"2023-09-22T17:22:10.858Z","level":"error","message":"Invalid token."}
{"timestamp":"2023-09-22T17:22:10.885Z","level":"error","message":"Invalid token."}
{"timestamp":"2023-09-22T17:22:10.916Z","level":"error","message":"Invalid token."}
{"timestamp":"2023-09-22T17:22:10.943Z","level":"error","message":"Invalid token."}
{"timestamp":"2023-09-22T17:22:10.971Z","level":"error","message":"Invalid token."}
{"timestamp":"2023-09-22T17:22:11.022Z","level":"error","message":"Invalid token."}
{"timestamp":"2023-09-22T17:22:11.053Z","level":"error","message":"Invalid token."}
{"timestamp":"2023-09-22T17:22:11.086Z","level":"error","message":"Invalid token."}
{"timestamp":"2023-09-22T17:22:11.119Z","level":"error","message":"Invalid token."}
{"timestamp":"2023-09-22T17:22:11.159Z","level":"error","message":"Invalid token."}
{"timestamp":"2023-09-22T17:22:11.195Z","level":"error","message":"Invalid token."}
{"timestamp":"2023-09-22T17:22:11.218Z","level":"error","message":"Invalid token."}
{"timestamp":"2023-09-22T17:22:11.243Z","level":"error","message":"Invalid token."}
{"timestamp":"2023-09-22T17:22:11.268Z","level":"error","message":"Invalid token."}
{"timestamp":"2023-09-22T17:22:11.292Z","level":"error","message":"Invalid token."}
{"timestamp":"2023-09-22T17:22:11.316Z","level":"error","message":"Invalid token."}
{"timestamp":"2023-09-22T17:22:11.339Z","level":"error","message":"Invalid token."}
{"timestamp":"2023-09-22T17:22:11.365Z","level":"error","message":"Invalid token."}
{"timestamp":"2023-09-22T17:22:11.387Z","level":"error","message":"Invalid token."}
{"timestamp":"2023-09-22T17:22:11.416Z","level":"error","message":"Invalid token."}
{"timestamp":"2023-09-22T17:22:11.445Z","level":"error","message":"Invalid token."}
{"timestamp":"2023-09-22T17:22:11.474Z","level":"error","message":"Invalid token."}
{"timestamp":"2023-09-22T17:22:11.511Z","level":"error","message":"Unauthorized."}
{"timestamp":"2023-09-22T17:22:11.546Z","level":"error","message":"Invalid username or password."}
{"timestamp":"2023-09-22T17:22:11.573Z","level":"error","message":"Unauthorized."}
{"timestamp":"2023-09-22T17:22:11.591Z","level":"error","message":"Unauthorized."}
{"timestamp":"2023-09-22T17:22:11.606Z","level":"error","message":"Unauthorized."}
{"timestamp":"2023-09-22T17:22:11.620Z","level":"error","message":"Unauthorized."}
{"timestamp":"2023-09-22T17:22:11.635Z","level":"error","message":"Unauthorized."}
{"timestamp":"2023-09-22T17:22:11.656Z","level":"error","message":"Unauthorized."}
{"timestamp":"2023-09-22T17:22:11.677Z","level":"error","message":"Unauthorized."}
{"timestamp":"2023-09-22T17:22:11.697Z","level":"error","message":"Invalid token."}
{"timestamp":"2023-09-22T17:22:11.727Z","level":"error","message":"Invalid token."}
{"timestamp":"2023-09-22T17:22:11.760Z","level":"error","message":"Invalid token."}
{"timestamp":"2023-09-22T17:22:11.792Z","level":"error","message":"Invalid token."}
{"timestamp":"2023-09-22T17:22:11.826Z","level":"error","message":"Invalid token."}
{"timestamp":"2023-09-22T17:22:11.852Z","level":"error","message":"Invalid token."}
{"timestamp":"2023-09-22T17:22:11.877Z","level":"error","message":"Invalid token."}
{"timestamp":"2023-09-22T17:22:11.939Z","level":"error","message":"Invalid token."}
{"timestamp":"2023-09-22T17:22:11.971Z","level":"error","message":"Invalid token."}
{"timestamp":"2023-09-22T17:22:11.998Z","level":"error","message":"Invalid token."}
{"timestamp":"2023-09-22T17:22:12.026Z","level":"error","message":"Invalid token."}
{"timestamp":"2023-09-22T17:22:12.056Z","level":"error","message":"Invalid token."}
{"timestamp":"2023-09-22T17:22:12.085Z","level":"error","message":"Invalid token."}
{"timestamp":"2023-09-22T17:22:12.116Z","level":"error","message":"Invalid token."}
{"timestamp":"2023-09-22T17:24:15.508Z","level":"error","message":"Unauthorized."}
{"timestamp":"2023-09-22T17:24:15.574Z","level":"error","message":"Invalid username or password."}
{"timestamp":"2023-09-22T17:24:15.598Z","level":"error","message":"Invalid token."}
{"timestamp":"2023-09-22T17:24:15.617Z","level":"error","message":"Invalid token."}
{"timestamp":"2023-09-22T17:24:15.636Z","level":"error","message":"Invalid token."}
{"timestamp":"2023-09-22T17:24:15.656Z","level":"error","message":"Invalid token."}
{"timestamp":"2023-09-22T17:24:15.680Z","level":"error","message":"Invalid token."}
{"timestamp":"2023-09-22T17:24:15.698Z","level":"error","message":"Invalid token."}
{"timestamp":"2023-09-22T17:24:15.718Z","level":"error","message":"Invalid token."}
{"timestamp":"2023-09-22T17:24:15.745Z","level":"error","message":"Invalid token."}
{"timestamp":"2023-09-22T17:24:15.765Z","level":"error","message":"Invalid token."}
{"timestamp":"2023-09-22T17:24:15.784Z","level":"error","message":"Invalid token."}
{"timestamp":"2023-09-22T17:24:15.800Z","level":"error","message":"Invalid token."}
{"timestamp":"2023-09-22T17:24:15.823Z","level":"error","message":"Invalid token."}
{"timestamp":"2023-09-22T17:24:15.842Z","level":"error","message":"Invalid token."}
{"timestamp":"2023-09-22T17:24:15.859Z","level":"error","message":"Invalid token."}
{"timestamp":"2023-09-22T17:24:15.877Z","level":"error","message":"Invalid token."}
{"timestamp":"2023-09-22T17:24:15.897Z","level":"error","message":"Invalid token."}
{"timestamp":"2023-09-22T17:24:15.912Z","level":"error","message":"Invalid token."}
{"timestamp":"2023-09-22T17:24:15.930Z","level":"error","message":"Invalid token."}
{"timestamp":"2023-09-22T17:24:15.945Z","level":"error","message":"Invalid token."}
{"timestamp":"2023-09-22T17:24:15.961Z","level":"error","message":"Invalid token."}
{"timestamp":"2023-09-22T17:24:15.977Z","level":"error","message":"Invalid token."}
{"timestamp":"2023-09-22T17:24:15.993Z","level":"error","message":"Invalid token."}
{"timestamp":"2023-09-22T17:24:16.014Z","level":"error","message":"Invalid token."}
{"timestamp":"2023-09-22T17:24:16.031Z","level":"error","message":"Invalid token."}
{"timestamp":"2023-09-22T17:24:16.058Z","level":"error","message":"Unauthorized."}
{"timestamp":"2023-09-22T17:24:16.081Z","level":"error","message":"Invalid username or password."}
{"timestamp":"2023-09-22T17:24:16.096Z","level":"error","message":"Unauthorized."}
{"timestamp":"2023-09-22T17:24:16.110Z","level":"error","message":"Unauthorized."}
{"timestamp":"2023-09-22T17:24:16.148Z","level":"error","message":"Unauthorized."}
{"timestamp":"2023-09-22T17:24:16.177Z","level":"error","message":"Unauthorized."}
{"timestamp":"2023-09-22T17:24:16.196Z","level":"error","message":"Unauthorized."}
{"timestamp":"2023-09-22T17:24:16.213Z","level":"error","message":"Unauthorized."}
{"timestamp":"2023-09-22T17:24:16.227Z","level":"error","message":"Unauthorized."}
{"timestamp":"2023-09-22T17:24:16.239Z","level":"error","message":"Invalid token."}
{"timestamp":"2023-09-22T17:24:16.254Z","level":"error","message":"Invalid token."}
{"timestamp":"2023-09-22T17:24:16.268Z","level":"error","message":"Invalid token."}
{"timestamp":"2023-09-22T17:24:16.284Z","level":"error","message":"Invalid token."}
{"timestamp":"2023-09-22T17:24:16.302Z","level":"error","message":"Invalid token."}
{"timestamp":"2023-09-22T17:24:16.318Z","level":"error","message":"Invalid token."}
{"timestamp":"2023-09-22T17:24:16.334Z","level":"error","message":"Invalid token."}
{"timestamp":"2023-09-22T17:24:16.350Z","level":"error","message":"Invalid token."}
{"timestamp":"2023-09-22T17:24:16.367Z","level":"error","message":"Invalid token."}
{"timestamp":"2023-09-22T17:24:16.382Z","level":"error","message":"Invalid token."}
{"timestamp":"2023-09-22T17:24:16.395Z","level":"error","message":"Invalid token."}
{"timestamp":"2023-09-22T17:24:16.413Z","level":"error","message":"Invalid token."}
{"timestamp":"2023-09-22T17:24:16.431Z","level":"error","message":"Invalid token."}
{"timestamp":"2023-09-22T17:24:16.449Z","level":"error","message":"Invalid token."}
{"timestamp":"2023-09-22T17:39:30.719Z","level":"error","message":"Unauthorized."}
{"timestamp":"2023-09-22T17:39:30.750Z","level":"error","message":"Invalid username or password."}
{"timestamp":"2023-09-22T17:39:30.761Z","level":"error","message":"Invalid token."}
{"timestamp":"2023-09-22T17:39:30.774Z","level":"error","message":"Invalid token."}
{"timestamp":"2023-09-22T17:39:30.786Z","level":"error","message":"Invalid token."}
{"timestamp":"2023-09-22T17:39:30.798Z","level":"error","message":"Invalid token."}
{"timestamp":"2023-09-22T17:39:30.812Z","level":"error","message":"Invalid token."}
{"timestamp":"2023-09-22T17:39:30.822Z","level":"error","message":"Invalid token."}
{"timestamp":"2023-09-22T17:39:30.835Z","level":"error","message":"Invalid token."}
{"timestamp":"2023-09-22T17:39:30.852Z","level":"error","message":"Invalid token."}
{"timestamp":"2023-09-22T17:39:30.865Z","level":"error","message":"Invalid token."}
{"timestamp":"2023-09-22T17:39:30.877Z","level":"error","message":"Invalid token."}
{"timestamp":"2023-09-22T17:39:30.892Z","level":"error","message":"Invalid token."}
{"timestamp":"2023-09-22T17:39:30.905Z","level":"error","message":"Invalid token."}
{"timestamp":"2023-09-22T17:39:30.917Z","level":"error","message":"Invalid token."}
{"timestamp":"2023-09-22T17:39:30.932Z","level":"error","message":"Invalid token."}
{"timestamp":"2023-09-22T17:39:30.942Z","level":"error","message":"Invalid token."}
{"timestamp":"2023-09-22T17:39:30.954Z","level":"error","message":"Invalid token."}
{"timestamp":"2023-09-22T17:39:30.968Z","level":"error","message":"Invalid token."}
{"timestamp":"2023-09-22T17:39:30.978Z","level":"error","message":"Invalid token."}
{"timestamp":"2023-09-22T17:39:30.987Z","level":"error","message":"Invalid token."}
{"timestamp":"2023-09-22T17:39:30.999Z","level":"error","message":"Invalid token."}
{"timestamp":"2023-09-22T17:39:31.007Z","level":"error","message":"Invalid token."}
{"timestamp":"2023-09-22T17:39:31.017Z","level":"error","message":"Invalid token."}
{"timestamp":"2023-09-22T17:39:31.028Z","level":"error","message":"Invalid token."}
{"timestamp":"2023-09-22T17:39:31.037Z","level":"error","message":"Invalid token."}
{"timestamp":"2023-09-22T17:39:31.053Z","level":"error","message":"Unauthorized."}
{"timestamp":"2023-09-22T17:39:31.067Z","level":"error","message":"Invalid username or password."}
{"timestamp":"2023-09-22T17:39:31.079Z","level":"error","message":"Unauthorized."}
{"timestamp":"2023-09-22T17:39:31.086Z","level":"error","message":"Unauthorized."}
{"timestamp":"2023-09-22T17:39:31.094Z","level":"error","message":"Unauthorized."}
{"timestamp":"2023-09-22T17:39:31.102Z","level":"error","message":"Unauthorized."}
{"timestamp":"2023-09-22T17:39:31.114Z","level":"error","message":"Unauthorized."}
{"timestamp":"2023-09-22T17:39:31.122Z","level":"error","message":"Unauthorized."}
{"timestamp":"2023-09-22T17:39:31.131Z","level":"error","message":"Unauthorized."}
{"timestamp":"2023-09-22T17:39:31.140Z","level":"error","message":"Invalid token."}
{"timestamp":"2023-09-22T17:39:31.149Z","level":"error","message":"Invalid token."}
{"timestamp":"2023-09-22T17:39:31.159Z","level":"error","message":"Invalid token."}
{"timestamp":"2023-09-22T17:39:31.168Z","level":"error","message":"Invalid token."}
{"timestamp":"2023-09-22T17:39:31.179Z","level":"error","message":"Invalid token."}
{"timestamp":"2023-09-22T17:39:31.187Z","level":"error","message":"Invalid token."}
{"timestamp":"2023-09-22T17:39:31.195Z","level":"error","message":"Invalid token."}
{"timestamp":"2023-09-22T17:39:31.203Z","level":"error","message":"Invalid token."}
{"timestamp":"2023-09-22T17:39:31.212Z","level":"error","message":"Invalid token."}
{"timestamp":"2023-09-22T17:39:31.220Z","level":"error","message":"Invalid token."}
{"timestamp":"2023-09-22T17:39:31.228Z","level":"error","message":"Invalid token."}
{"timestamp":"2023-09-22T17:39:31.239Z","level":"error","message":"Invalid token."}
{"timestamp":"2023-09-22T17:39:31.248Z","level":"error","message":"Invalid token."}
{"timestamp":"2023-09-22T17:39:31.258Z","level":"error","message":"Invalid token."}
{"timestamp":"2023-09-22T17:43:27.814Z","level":"error","message":"Unauthorized."}
{"timestamp":"2023-09-22T17:43:27.847Z","level":"error","message":"Invalid username or password."}
{"timestamp":"2023-09-22T17:43:27.860Z","level":"error","message":"Invalid token."}
{"timestamp":"2023-09-22T17:43:27.872Z","level":"error","message":"Invalid token."}
{"timestamp":"2023-09-22T17:43:27.883Z","level":"error","message":"Invalid token."}
{"timestamp":"2023-09-22T17:43:27.894Z","level":"error","message":"Invalid token."}
{"timestamp":"2023-09-22T17:43:27.906Z","level":"error","message":"Invalid token."}
{"timestamp":"2023-09-22T17:43:27.916Z","level":"error","message":"Invalid token."}
{"timestamp":"2023-09-22T17:43:27.929Z","level":"error","message":"Invalid token."}
{"timestamp":"2023-09-22T17:43:27.943Z","level":"error","message":"Invalid token."}
{"timestamp":"2023-09-22T17:43:27.956Z","level":"error","message":"Invalid token."}
{"timestamp":"2023-09-22T17:43:27.973Z","level":"error","message":"Invalid token."}
{"timestamp":"2023-09-22T17:43:27.988Z","level":"error","message":"Invalid token."}
{"timestamp":"2023-09-22T17:43:28.005Z","level":"error","message":"Invalid token."}
{"timestamp":"2023-09-22T17:43:28.015Z","level":"error","message":"Invalid token."}
{"timestamp":"2023-09-22T17:43:28.025Z","level":"error","message":"Invalid token."}
{"timestamp":"2023-09-22T17:43:28.035Z","level":"error","message":"Invalid token."}
{"timestamp":"2023-09-22T17:43:28.045Z","level":"error","message":"Invalid token."}
{"timestamp":"2023-09-22T17:43:28.054Z","level":"error","message":"Invalid token."}
{"timestamp":"2023-09-22T17:43:28.063Z","level":"error","message":"Invalid token."}
{"timestamp":"2023-09-22T17:43:28.073Z","level":"error","message":"Invalid token."}
{"timestamp":"2023-09-22T17:43:28.083Z","level":"error","message":"Invalid token."}
{"timestamp":"2023-09-22T17:43:28.092Z","level":"error","message":"Invalid token."}
{"timestamp":"2023-09-22T17:43:28.103Z","level":"error","message":"Invalid token."}
{"timestamp":"2023-09-22T17:43:28.112Z","level":"error","message":"Invalid token."}
{"timestamp":"2023-09-22T17:43:28.123Z","level":"error","message":"Invalid token."}
{"timestamp":"2023-09-22T17:43:28.140Z","level":"error","message":"Unauthorized."}
{"timestamp":"2023-09-22T17:43:28.152Z","level":"error","message":"Invalid username or password."}
{"timestamp":"2023-09-22T17:43:28.163Z","level":"error","message":"Unauthorized."}
{"timestamp":"2023-09-22T17:43:28.171Z","level":"error","message":"Unauthorized."}
{"timestamp":"2023-09-22T17:43:28.178Z","level":"error","message":"Unauthorized."}
{"timestamp":"2023-09-22T17:43:28.186Z","level":"error","message":"Unauthorized."}
{"timestamp":"2023-09-22T17:43:28.193Z","level":"error","message":"Unauthorized."}
{"timestamp":"2023-09-22T17:43:28.202Z","level":"error","message":"Unauthorized."}
{"timestamp":"2023-09-22T17:43:28.212Z","level":"error","message":"Unauthorized."}
{"timestamp":"2023-09-22T17:43:28.220Z","level":"error","message":"Invalid token."}
{"timestamp":"2023-09-22T17:43:28.230Z","level":"error","message":"Invalid token."}
{"timestamp":"2023-09-22T17:43:28.238Z","level":"error","message":"Invalid token."}
{"timestamp":"2023-09-22T17:43:28.254Z","level":"error","message":"Invalid token."}
{"timestamp":"2023-09-22T17:43:28.265Z","level":"error","message":"Invalid token."}
{"timestamp":"2023-09-22T17:43:28.275Z","level":"error","message":"Invalid token."}
{"timestamp":"2023-09-22T17:43:28.283Z","level":"error","message":"Invalid token."}
{"timestamp":"2023-09-22T17:43:28.293Z","level":"error","message":"Invalid token."}
{"timestamp":"2023-09-22T17:43:28.302Z","level":"error","message":"Invalid token."}
{"timestamp":"2023-09-22T17:43:28.309Z","level":"error","message":"Invalid token."}
{"timestamp":"2023-09-22T17:43:28.317Z","level":"error","message":"Invalid token."}
{"timestamp":"2023-09-22T17:43:28.326Z","level":"error","message":"Invalid token."}
{"timestamp":"2023-09-22T17:43:28.335Z","level":"error","message":"Invalid token."}
{"timestamp":"2023-09-22T17:43:28.349Z","level":"error","message":"Invalid token."}
{"timestamp":"2023-09-22T18:12:31.551Z","level":"error","message":"Unauthorized."}
{"timestamp":"2023-09-22T18:12:31.591Z","level":"error","message":"Invalid username or password."}
{"timestamp":"2023-09-22T18:12:31.603Z","level":"error","message":"Invalid token."}
{"timestamp":"2023-09-22T18:12:31.613Z","level":"error","message":"Invalid token."}
{"timestamp":"2023-09-22T18:12:31.624Z","level":"error","message":"Invalid token."}
{"timestamp":"2023-09-22T18:12:31.634Z","level":"error","message":"Invalid token."}
{"timestamp":"2023-09-22T18:12:31.644Z","level":"error","message":"Invalid token."}
{"timestamp":"2023-09-22T18:12:31.655Z","level":"error","message":"Invalid token."}
{"timestamp":"2023-09-22T18:12:31.667Z","level":"error","message":"Invalid token."}
{"timestamp":"2023-09-22T18:12:31.681Z","level":"error","message":"Invalid token."}
{"timestamp":"2023-09-22T18:12:31.692Z","level":"error","message":"Invalid token."}
{"timestamp":"2023-09-22T18:12:31.702Z","level":"error","message":"Invalid token."}
{"timestamp":"2023-09-22T18:12:31.713Z","level":"error","message":"Invalid token."}
{"timestamp":"2023-09-22T18:12:31.725Z","level":"error","message":"Invalid token."}
{"timestamp":"2023-09-22T18:12:31.734Z","level":"error","message":"Invalid token."}
{"timestamp":"2023-09-22T18:12:31.743Z","level":"error","message":"Invalid token."}
{"timestamp":"2023-09-22T18:12:31.754Z","level":"error","message":"Invalid token."}
{"timestamp":"2023-09-22T18:12:31.766Z","level":"error","message":"Invalid token."}
{"timestamp":"2023-09-22T18:12:31.777Z","level":"error","message":"Invalid token."}
{"timestamp":"2023-09-22T18:12:31.786Z","level":"error","message":"Invalid token."}
{"timestamp":"2023-09-22T18:12:31.796Z","level":"error","message":"Invalid token."}
{"timestamp":"2023-09-22T18:12:31.806Z","level":"error","message":"Invalid token."}
{"timestamp":"2023-09-22T18:12:31.815Z","level":"error","message":"Invalid token."}
{"timestamp":"2023-09-22T18:12:31.827Z","level":"error","message":"Invalid token."}
{"timestamp":"2023-09-22T18:12:31.836Z","level":"error","message":"Invalid token."}
{"timestamp":"2023-09-22T18:12:31.847Z","level":"error","message":"Invalid token."}
{"timestamp":"2023-09-22T18:12:31.860Z","level":"error","message":"Unauthorized."}
{"timestamp":"2023-09-22T18:12:31.872Z","level":"error","message":"Invalid username or password."}
{"timestamp":"2023-09-22T18:12:31.880Z","level":"error","message":"Unauthorized."}
{"timestamp":"2023-09-22T18:12:31.889Z","level":"error","message":"Unauthorized."}
{"timestamp":"2023-09-22T18:12:31.898Z","level":"error","message":"Unauthorized."}
{"timestamp":"2023-09-22T18:12:31.907Z","level":"error","message":"Unauthorized."}
{"timestamp":"2023-09-22T18:12:31.914Z","level":"error","message":"Unauthorized."}
{"timestamp":"2023-09-22T18:12:31.922Z","level":"error","message":"Unauthorized."}
{"timestamp":"2023-09-22T18:12:31.930Z","level":"error","message":"Unauthorized."}
{"timestamp":"2023-09-22T18:12:31.940Z","level":"error","message":"Invalid token."}
{"timestamp":"2023-09-22T18:12:31.951Z","level":"error","message":"Invalid token."}
{"timestamp":"2023-09-22T18:12:31.962Z","level":"error","message":"Invalid token."}
{"timestamp":"2023-09-22T18:12:31.971Z","level":"error","message":"Invalid token."}
{"timestamp":"2023-09-22T18:12:31.982Z","level":"error","message":"Invalid token."}
{"timestamp":"2023-09-22T18:12:31.991Z","level":"error","message":"Invalid token."}
{"timestamp":"2023-09-22T18:12:32.000Z","level":"error","message":"Invalid token."}
{"timestamp":"2023-09-22T18:12:32.008Z","level":"error","message":"Invalid token."}
{"timestamp":"2023-09-22T18:12:32.017Z","level":"error","message":"Invalid token."}
{"timestamp":"2023-09-22T18:12:32.026Z","level":"error","message":"Invalid token."}
{"timestamp":"2023-09-22T18:12:32.034Z","level":"error","message":"Invalid token."}
{"timestamp":"2023-09-22T18:12:32.043Z","level":"error","message":"Invalid token."}
{"timestamp":"2023-09-22T18:12:32.053Z","level":"error","message":"Invalid token."}
{"timestamp":"2023-09-22T18:12:32.062Z","level":"error","message":"Invalid token."}
{"timestamp":"2023-09-22T18:12:51.229Z","level":"error","message":"Unauthorized."}
{"timestamp":"2023-09-22T18:12:51.260Z","level":"error","message":"Invalid username or password."}
{"timestamp":"2023-09-22T18:12:51.272Z","level":"error","message":"Invalid token."}
{"timestamp":"2023-09-22T18:12:51.283Z","level":"error","message":"Invalid token."}
{"timestamp":"2023-09-22T18:12:51.294Z","level":"error","message":"Invalid token."}
{"timestamp":"2023-09-22T18:12:51.305Z","level":"error","message":"Invalid token."}
{"timestamp":"2023-09-22T18:12:51.317Z","level":"error","message":"Invalid token."}
{"timestamp":"2023-09-22T18:12:51.327Z","level":"error","message":"Invalid token."}
{"timestamp":"2023-09-22T18:12:51.337Z","level":"error","message":"Invalid token."}
{"timestamp":"2023-09-22T18:12:51.353Z","level":"error","message":"Invalid token."}
{"timestamp":"2023-09-22T18:12:51.367Z","level":"error","message":"Invalid token."}
{"timestamp":"2023-09-22T18:12:51.377Z","level":"error","message":"Invalid token."}
{"timestamp":"2023-09-22T18:12:51.394Z","level":"error","message":"Invalid token."}
{"timestamp":"2023-09-22T18:12:51.408Z","level":"error","message":"Invalid token."}
{"timestamp":"2023-09-22T18:12:51.418Z","level":"error","message":"Invalid token."}
{"timestamp":"2023-09-22T18:12:51.427Z","level":"error","message":"Invalid token."}
{"timestamp":"2023-09-22T18:12:51.436Z","level":"error","message":"Invalid token."}
{"timestamp":"2023-09-22T18:12:51.447Z","level":"error","message":"Invalid token."}
{"timestamp":"2023-09-22T18:12:51.456Z","level":"error","message":"Invalid token."}
{"timestamp":"2023-09-22T18:12:51.466Z","level":"error","message":"Invalid token."}
{"timestamp":"2023-09-22T18:12:51.474Z","level":"error","message":"Invalid token."}
{"timestamp":"2023-09-22T18:12:51.485Z","level":"error","message":"Invalid token."}
{"timestamp":"2023-09-22T18:12:51.494Z","level":"error","message":"Invalid token."}
{"timestamp":"2023-09-22T18:12:51.503Z","level":"error","message":"Invalid token."}
{"timestamp":"2023-09-22T18:12:51.513Z","level":"error","message":"Invalid token."}
{"timestamp":"2023-09-22T18:12:51.521Z","level":"error","message":"Invalid token."}
{"timestamp":"2023-09-22T18:12:51.537Z","level":"error","message":"Unauthorized."}
{"timestamp":"2023-09-22T18:12:51.551Z","level":"error","message":"Invalid username or password."}
{"timestamp":"2023-09-22T18:12:51.561Z","level":"error","message":"Unauthorized."}
{"timestamp":"2023-09-22T18:12:51.570Z","level":"error","message":"Unauthorized."}
{"timestamp":"2023-09-22T18:12:51.579Z","level":"error","message":"Unauthorized."}
{"timestamp":"2023-09-22T18:12:51.587Z","level":"error","message":"Unauthorized."}
{"timestamp":"2023-09-22T18:12:51.595Z","level":"error","message":"Unauthorized."}
{"timestamp":"2023-09-22T18:12:51.604Z","level":"error","message":"Unauthorized."}
{"timestamp":"2023-09-22T18:12:51.612Z","level":"error","message":"Unauthorized."}
{"timestamp":"2023-09-22T18:12:51.619Z","level":"error","message":"Invalid token."}
{"timestamp":"2023-09-22T18:12:51.629Z","level":"error","message":"Invalid token."}
{"timestamp":"2023-09-22T18:12:51.644Z","level":"error","message":"Invalid token."}
{"timestamp":"2023-09-22T18:12:51.659Z","level":"error","message":"Invalid token."}
{"timestamp":"2023-09-22T18:12:51.672Z","level":"error","message":"Invalid token."}
{"timestamp":"2023-09-22T18:12:51.682Z","level":"error","message":"Invalid token."}
{"timestamp":"2023-09-22T18:12:51.692Z","level":"error","message":"Invalid token."}
{"timestamp":"2023-09-22T18:12:51.701Z","level":"error","message":"Invalid token."}
{"timestamp":"2023-09-22T18:12:51.709Z","level":"error","message":"Invalid token."}
{"timestamp":"2023-09-22T18:12:51.719Z","level":"error","message":"Invalid token."}
{"timestamp":"2023-09-22T18:12:51.730Z","level":"error","message":"Invalid token."}
{"timestamp":"2023-09-22T18:12:51.739Z","level":"error","message":"Invalid token."}
{"timestamp":"2023-09-22T18:12:51.752Z","level":"error","message":"Invalid token."}
{"timestamp":"2023-09-22T18:12:51.764Z","level":"error","message":"Invalid token."}
{"timestamp":"2023-09-22T18:30:12.545Z","level":"error","message":"Unauthorized."}
{"timestamp":"2023-09-22T18:30:12.579Z","level":"error","message":"Invalid username or password."}
{"timestamp":"2023-09-22T18:30:12.589Z","level":"error","message":"Invalid token."}
{"timestamp":"2023-09-22T18:30:12.599Z","level":"error","message":"Invalid token."}
{"timestamp":"2023-09-22T18:30:12.609Z","level":"error","message":"Invalid token."}
{"timestamp":"2023-09-22T18:30:12.619Z","level":"error","message":"Invalid token."}
{"timestamp":"2023-09-22T18:30:12.632Z","level":"error","message":"Invalid token."}
{"timestamp":"2023-09-22T18:30:12.643Z","level":"error","message":"Invalid token."}
{"timestamp":"2023-09-22T18:30:12.656Z","level":"error","message":"Invalid token."}
{"timestamp":"2023-09-22T18:30:12.669Z","level":"error","message":"Invalid token."}
{"timestamp":"2023-09-22T18:30:12.681Z","level":"error","message":"Invalid token."}
{"timestamp":"2023-09-22T18:30:12.691Z","level":"error","message":"Invalid token."}
{"timestamp":"2023-09-22T18:30:12.708Z","level":"error","message":"Invalid token."}
{"timestamp":"2023-09-22T18:30:12.721Z","level":"error","message":"Invalid token."}
{"timestamp":"2023-09-22T18:30:12.733Z","level":"error","message":"Invalid token."}
{"timestamp":"2023-09-22T18:30:12.741Z","level":"error","message":"Invalid token."}
{"timestamp":"2023-09-22T18:30:12.751Z","level":"error","message":"Invalid token."}
{"timestamp":"2023-09-22T18:30:12.761Z","level":"error","message":"Invalid token."}
{"timestamp":"2023-09-22T18:30:12.770Z","level":"error","message":"Invalid token."}
{"timestamp":"2023-09-22T18:30:12.779Z","level":"error","message":"Invalid token."}
{"timestamp":"2023-09-22T18:30:12.788Z","level":"error","message":"Invalid token."}
{"timestamp":"2023-09-22T18:30:12.798Z","level":"error","message":"Invalid token."}
{"timestamp":"2023-09-22T18:30:12.808Z","level":"error","message":"Invalid token."}
{"timestamp":"2023-09-22T18:30:12.818Z","level":"error","message":"Invalid token."}
{"timestamp":"2023-09-22T18:30:12.834Z","level":"error","message":"Invalid token."}
{"timestamp":"2023-09-22T18:30:12.845Z","level":"error","message":"Invalid token."}
{"timestamp":"2023-09-22T18:30:12.862Z","level":"error","message":"Unauthorized."}
{"timestamp":"2023-09-22T18:30:12.873Z","level":"error","message":"Invalid username or password."}
{"timestamp":"2023-09-22T18:30:12.883Z","level":"error","message":"Unauthorized."}
{"timestamp":"2023-09-22T18:30:12.890Z","level":"error","message":"Unauthorized."}
{"timestamp":"2023-09-22T18:30:12.897Z","level":"error","message":"Unauthorized."}
{"timestamp":"2023-09-22T18:30:12.905Z","level":"error","message":"Unauthorized."}
{"timestamp":"2023-09-22T18:30:12.913Z","level":"error","message":"Unauthorized."}
{"timestamp":"2023-09-22T18:30:12.921Z","level":"error","message":"Unauthorized."}
{"timestamp":"2023-09-22T18:30:12.928Z","level":"error","message":"Unauthorized."}
{"timestamp":"2023-09-22T18:30:12.937Z","level":"error","message":"Invalid token."}
{"timestamp":"2023-09-22T18:30:12.945Z","level":"error","message":"Invalid token."}
{"timestamp":"2023-09-22T18:30:12.959Z","level":"error","message":"Invalid token."}
{"timestamp":"2023-09-22T18:30:12.974Z","level":"error","message":"Invalid token."}
{"timestamp":"2023-09-22T18:30:12.984Z","level":"error","message":"Invalid token."}
{"timestamp":"2023-09-22T18:30:12.992Z","level":"error","message":"Invalid token."}
{"timestamp":"2023-09-22T18:30:13.001Z","level":"error","message":"Invalid token."}
{"timestamp":"2023-09-22T18:30:13.010Z","level":"error","message":"Invalid token."}
{"timestamp":"2023-09-22T18:30:13.018Z","level":"error","message":"Invalid token."}
{"timestamp":"2023-09-22T18:30:13.026Z","level":"error","message":"Invalid token."}
{"timestamp":"2023-09-22T18:30:13.036Z","level":"error","message":"Invalid token."}
{"timestamp":"2023-09-22T18:30:13.045Z","level":"error","message":"Invalid token."}
{"timestamp":"2023-09-22T18:30:13.054Z","level":"error","message":"Invalid token."}
{"timestamp":"2023-09-22T18:30:13.062Z","level":"error","message":"Invalid token."}
{"timestamp":"2023-09-22T18:34:03.381Z","level":"error","message":"Unauthorized."}
{"timestamp":"2023-09-22T18:34:03.411Z","level":"error","message":"Invalid username or password."}
{"timestamp":"2023-09-22T18:34:03.425Z","level":"error","message":"Invalid token."}
{"timestamp":"2023-09-22T18:34:03.436Z","level":"error","message":"Invalid token."}
{"timestamp":"2023-09-22T18:34:03.446Z","level":"error","message":"Invalid token."}
{"timestamp":"2023-09-22T18:34:03.457Z","level":"error","message":"Invalid token."}
{"timestamp":"2023-09-22T18:34:03.469Z","level":"error","message":"Invalid token."}
{"timestamp":"2023-09-22T18:34:03.480Z","level":"error","message":"Invalid token."}
{"timestamp":"2023-09-22T18:34:03.493Z","level":"error","message":"Invalid token."}
{"timestamp":"2023-09-22T18:34:03.507Z","level":"error","message":"Invalid token."}
{"timestamp":"2023-09-22T18:34:03.518Z","level":"error","message":"Invalid token."}
{"timestamp":"2023-09-22T18:34:03.533Z","level":"error","message":"Invalid token."}
{"timestamp":"2023-09-22T18:34:03.552Z","level":"error","message":"Invalid token."}
{"timestamp":"2023-09-22T18:34:03.563Z","level":"error","message":"Invalid token."}
{"timestamp":"2023-09-22T18:34:03.574Z","level":"error","message":"Invalid token."}
{"timestamp":"2023-09-22T18:34:03.584Z","level":"error","message":"Invalid token."}
{"timestamp":"2023-09-22T18:34:03.594Z","level":"error","message":"Invalid token."}
{"timestamp":"2023-09-22T18:34:03.604Z","level":"error","message":"Invalid token."}
{"timestamp":"2023-09-22T18:34:03.613Z","level":"error","message":"Invalid token."}
{"timestamp":"2023-09-22T18:34:03.624Z","level":"error","message":"Invalid token."}
{"timestamp":"2023-09-22T18:34:03.632Z","level":"error","message":"Invalid token."}
{"timestamp":"2023-09-22T18:34:03.641Z","level":"error","message":"Invalid token."}
{"timestamp":"2023-09-22T18:34:03.649Z","level":"error","message":"Invalid token."}
{"timestamp":"2023-09-22T18:34:03.659Z","level":"error","message":"Invalid token."}
{"timestamp":"2023-09-22T18:34:03.670Z","level":"error","message":"Invalid token."}
{"timestamp":"2023-09-22T18:34:03.679Z","level":"error","message":"Invalid token."}
{"timestamp":"2023-09-22T18:34:03.694Z","level":"error","message":"Unauthorized."}
{"timestamp":"2023-09-22T18:34:03.704Z","level":"error","message":"Invalid username or password."}
{"timestamp":"2023-09-22T18:34:03.714Z","level":"error","message":"Unauthorized."}
{"timestamp":"2023-09-22T18:34:03.721Z","level":"error","message":"Unauthorized."}
{"timestamp":"2023-09-22T18:34:03.729Z","level":"error","message":"Unauthorized."}
{"timestamp":"2023-09-22T18:34:03.735Z","level":"error","message":"Unauthorized."}
{"timestamp":"2023-09-22T18:34:03.743Z","level":"error","message":"Unauthorized."}
{"timestamp":"2023-09-22T18:34:03.751Z","level":"error","message":"Unauthorized."}
{"timestamp":"2023-09-22T18:34:03.758Z","level":"error","message":"Unauthorized."}
{"timestamp":"2023-09-22T18:34:03.765Z","level":"error","message":"Invalid token."}
{"timestamp":"2023-09-22T18:34:03.776Z","level":"error","message":"Invalid token."}
{"timestamp":"2023-09-22T18:34:03.788Z","level":"error","message":"Invalid token."}
{"timestamp":"2023-09-22T18:34:03.798Z","level":"error","message":"Invalid token."}
{"timestamp":"2023-09-22T18:34:03.808Z","level":"error","message":"Invalid token."}
{"timestamp":"2023-09-22T18:34:03.815Z","level":"error","message":"Invalid token."}
{"timestamp":"2023-09-22T18:34:03.824Z","level":"error","message":"Invalid token."}
{"timestamp":"2023-09-22T18:34:03.833Z","level":"error","message":"Invalid token."}
{"timestamp":"2023-09-22T18:34:03.840Z","level":"error","message":"Invalid token."}
{"timestamp":"2023-09-22T18:34:03.848Z","level":"error","message":"Invalid token."}
{"timestamp":"2023-09-22T18:34:03.857Z","level":"error","message":"Invalid token."}
{"timestamp":"2023-09-22T18:34:03.866Z","level":"error","message":"Invalid token."}
{"timestamp":"2023-09-22T18:34:03.876Z","level":"error","message":"Invalid token."}
{"timestamp":"2023-09-22T18:34:03.891Z","level":"error","message":"Invalid token."}
{"timestamp":"2023-09-22T18:35:42.302Z","level":"error","message":"Unauthorized."}
{"timestamp":"2023-09-22T18:35:42.331Z","level":"error","message":"Invalid username or password."}
{"timestamp":"2023-09-22T18:35:42.342Z","level":"error","message":"Invalid token."}
{"timestamp":"2023-09-22T18:35:42.355Z","level":"error","message":"Invalid token."}
{"timestamp":"2023-09-22T18:35:42.368Z","level":"error","message":"Invalid token."}
{"timestamp":"2023-09-22T18:35:42.380Z","level":"error","message":"Invalid token."}
{"timestamp":"2023-09-22T18:35:42.393Z","level":"error","message":"Invalid token."}
{"timestamp":"2023-09-22T18:35:42.403Z","level":"error","message":"Invalid token."}
{"timestamp":"2023-09-22T18:35:42.416Z","level":"error","message":"Invalid token."}
{"timestamp":"2023-09-22T18:35:42.435Z","level":"error","message":"Invalid token."}
{"timestamp":"2023-09-22T18:35:42.451Z","level":"error","message":"Invalid token."}
{"timestamp":"2023-09-22T18:35:42.463Z","level":"error","message":"Invalid token."}
{"timestamp":"2023-09-22T18:35:42.475Z","level":"error","message":"Invalid token."}
{"timestamp":"2023-09-22T18:35:42.486Z","level":"error","message":"Invalid token."}
{"timestamp":"2023-09-22T18:35:42.501Z","level":"error","message":"Invalid token."}
{"timestamp":"2023-09-22T18:35:42.510Z","level":"error","message":"Invalid token."}
{"timestamp":"2023-09-22T18:35:42.519Z","level":"error","message":"Invalid token."}
{"timestamp":"2023-09-22T18:35:42.529Z","level":"error","message":"Invalid token."}
{"timestamp":"2023-09-22T18:35:42.538Z","level":"error","message":"Invalid token."}
{"timestamp":"2023-09-22T18:35:42.549Z","level":"error","message":"Invalid token."}
{"timestamp":"2023-09-22T18:35:42.559Z","level":"error","message":"Invalid token."}
{"timestamp":"2023-09-22T18:35:42.572Z","level":"error","message":"Invalid token."}
{"timestamp":"2023-09-22T18:35:42.583Z","level":"error","message":"Invalid token."}
{"timestamp":"2023-09-22T18:35:42.593Z","level":"error","message":"Invalid token."}
{"timestamp":"2023-09-22T18:35:42.605Z","level":"error","message":"Invalid token."}
{"timestamp":"2023-09-22T18:35:42.614Z","level":"error","message":"Invalid token."}
{"timestamp":"2023-09-22T18:35:42.630Z","level":"error","message":"Unauthorized."}
{"timestamp":"2023-09-22T18:35:42.641Z","level":"error","message":"Invalid username or password."}
{"timestamp":"2023-09-22T18:35:42.650Z","level":"error","message":"Unauthorized."}
{"timestamp":"2023-09-22T18:35:42.657Z","level":"error","message":"Unauthorized."}
{"timestamp":"2023-09-22T18:35:42.667Z","level":"error","message":"Unauthorized."}
{"timestamp":"2023-09-22T18:35:42.676Z","level":"error","message":"Unauthorized."}
{"timestamp":"2023-09-22T18:35:42.684Z","level":"error","message":"Unauthorized."}
{"timestamp":"2023-09-22T18:35:42.694Z","level":"error","message":"Unauthorized."}
{"timestamp":"2023-09-22T18:35:42.701Z","level":"error","message":"Unauthorized."}
{"timestamp":"2023-09-22T18:35:42.709Z","level":"error","message":"Invalid token."}
{"timestamp":"2023-09-22T18:35:42.717Z","level":"error","message":"Invalid token."}
{"timestamp":"2023-09-22T18:35:42.729Z","level":"error","message":"Invalid token."}
{"timestamp":"2023-09-22T18:35:42.738Z","level":"error","message":"Invalid token."}
{"timestamp":"2023-09-22T18:35:42.750Z","level":"error","message":"Invalid token."}
{"timestamp":"2023-09-22T18:35:42.760Z","level":"error","message":"Invalid token."}
{"timestamp":"2023-09-22T18:35:42.769Z","level":"error","message":"Invalid token."}
{"timestamp":"2023-09-22T18:35:42.778Z","level":"error","message":"Invalid token."}
{"timestamp":"2023-09-22T18:35:42.786Z","level":"error","message":"Invalid token."}
{"timestamp":"2023-09-22T18:35:42.793Z","level":"error","message":"Invalid token."}
{"timestamp":"2023-09-22T18:35:42.802Z","level":"error","message":"Invalid token."}
{"timestamp":"2023-09-22T18:35:42.811Z","level":"error","message":"Invalid token."}
{"timestamp":"2023-09-22T18:35:42.823Z","level":"error","message":"Invalid token."}
{"timestamp":"2023-09-22T18:35:42.833Z","level":"error","message":"Invalid token."}
{"timestamp":"2023-09-22T18:40:49.491Z","level":"error","message":"Unauthorized."}
{"timestamp":"2023-09-22T18:40:49.520Z","level":"error","message":"Invalid username or password."}
{"timestamp":"2023-09-22T18:40:49.530Z","level":"error","message":"Invalid token."}
{"timestamp":"2023-09-22T18:40:49.540Z","level":"error","message":"Invalid token."}
{"timestamp":"2023-09-22T18:40:49.552Z","level":"error","message":"Invalid token."}
{"timestamp":"2023-09-22T18:40:49.561Z","level":"error","message":"Invalid token."}
{"timestamp":"2023-09-22T18:40:49.572Z","level":"error","message":"Invalid token."}
{"timestamp":"2023-09-22T18:40:49.583Z","level":"error","message":"Invalid token."}
{"timestamp":"2023-09-22T18:40:49.594Z","level":"error","message":"Invalid token."}
{"timestamp":"2023-09-22T18:40:49.607Z","level":"error","message":"Invalid token."}
{"timestamp":"2023-09-22T18:40:49.624Z","level":"error","message":"Invalid token."}
{"timestamp":"2023-09-22T18:40:49.638Z","level":"error","message":"Invalid token."}
{"timestamp":"2023-09-22T18:40:49.648Z","level":"error","message":"Invalid token."}
{"timestamp":"2023-09-22T18:40:49.660Z","level":"error","message":"Invalid token."}
{"timestamp":"2023-09-22T18:40:49.669Z","level":"error","message":"Invalid token."}
{"timestamp":"2023-09-22T18:40:49.677Z","level":"error","message":"Invalid token."}
{"timestamp":"2023-09-22T18:40:49.686Z","level":"error","message":"Invalid token."}
{"timestamp":"2023-09-22T18:40:49.696Z","level":"error","message":"Invalid token."}
{"timestamp":"2023-09-22T18:40:49.705Z","level":"error","message":"Invalid token."}
{"timestamp":"2023-09-22T18:40:49.714Z","level":"error","message":"Invalid token."}
{"timestamp":"2023-09-22T18:40:49.722Z","level":"error","message":"Invalid token."}
{"timestamp":"2023-09-22T18:40:49.731Z","level":"error","message":"Invalid token."}
{"timestamp":"2023-09-22T18:40:49.739Z","level":"error","message":"Invalid token."}
{"timestamp":"2023-09-22T18:40:49.751Z","level":"error","message":"Invalid token."}
{"timestamp":"2023-09-22T18:40:49.761Z","level":"error","message":"Invalid token."}
{"timestamp":"2023-09-22T18:40:49.769Z","level":"error","message":"Invalid token."}
{"timestamp":"2023-09-22T18:40:49.786Z","level":"error","message":"Unauthorized."}
{"timestamp":"2023-09-22T18:40:49.797Z","level":"error","message":"Invalid username or password."}
{"timestamp":"2023-09-22T18:40:49.806Z","level":"error","message":"Unauthorized."}
{"timestamp":"2023-09-22T18:40:49.814Z","level":"error","message":"Unauthorized."}
{"timestamp":"2023-09-22T18:40:49.823Z","level":"error","message":"Unauthorized."}
{"timestamp":"2023-09-22T18:40:49.833Z","level":"error","message":"Unauthorized."}
{"timestamp":"2023-09-22T18:40:49.842Z","level":"error","message":"Unauthorized."}
{"timestamp":"2023-09-22T18:40:49.850Z","level":"error","message":"Unauthorized."}
{"timestamp":"2023-09-22T18:40:49.857Z","level":"error","message":"Unauthorized."}
{"timestamp":"2023-09-22T18:40:49.866Z","level":"error","message":"Invalid token."}
{"timestamp":"2023-09-22T18:40:49.878Z","level":"error","message":"Invalid token."}
{"timestamp":"2023-09-22T18:40:49.901Z","level":"error","message":"Invalid token."}
{"timestamp":"2023-09-22T18:40:49.910Z","level":"error","message":"Invalid token."}
{"timestamp":"2023-09-22T18:40:49.926Z","level":"error","message":"Invalid token."}
{"timestamp":"2023-09-22T18:40:49.935Z","level":"error","message":"Invalid token."}
{"timestamp":"2023-09-22T18:40:49.942Z","level":"error","message":"Invalid token."}
{"timestamp":"2023-09-22T18:40:49.951Z","level":"error","message":"Invalid token."}
{"timestamp":"2023-09-22T18:40:49.959Z","level":"error","message":"Invalid token."}
{"timestamp":"2023-09-22T18:40:49.967Z","level":"error","message":"Invalid token."}
{"timestamp":"2023-09-22T18:40:49.976Z","level":"error","message":"Invalid token."}
{"timestamp":"2023-09-22T18:40:49.987Z","level":"error","message":"Invalid token."}
{"timestamp":"2023-09-22T18:40:49.997Z","level":"error","message":"Invalid token."}
{"timestamp":"2023-09-22T18:40:50.005Z","level":"error","message":"Invalid token."}
{"timestamp":"2023-09-22T18:43:50.570Z","level":"error","message":"Unauthorized."}
{"timestamp":"2023-09-22T18:43:50.605Z","level":"error","message":"Invalid username or password."}
{"timestamp":"2023-09-22T18:43:50.618Z","level":"error","message":"Invalid token."}
{"timestamp":"2023-09-22T18:43:50.629Z","level":"error","message":"Invalid token."}
{"timestamp":"2023-09-22T18:43:50.640Z","level":"error","message":"Invalid token."}
{"timestamp":"2023-09-22T18:43:50.652Z","level":"error","message":"Invalid token."}
{"timestamp":"2023-09-22T18:43:50.664Z","level":"error","message":"Invalid token."}
{"timestamp":"2023-09-22T18:43:50.674Z","level":"error","message":"Invalid token."}
{"timestamp":"2023-09-22T18:43:50.688Z","level":"error","message":"Invalid token."}
{"timestamp":"2023-09-22T18:43:50.704Z","level":"error","message":"Invalid token."}
{"timestamp":"2023-09-22T18:43:50.715Z","level":"error","message":"Invalid token."}
{"timestamp":"2023-09-22T18:43:50.726Z","level":"error","message":"Invalid token."}
{"timestamp":"2023-09-22T18:43:50.749Z","level":"error","message":"Invalid token."}
{"timestamp":"2023-09-22T18:43:50.759Z","level":"error","message":"Invalid token."}
{"timestamp":"2023-09-22T18:43:50.770Z","level":"error","message":"Invalid token."}
{"timestamp":"2023-09-22T18:43:50.779Z","level":"error","message":"Invalid token."}
{"timestamp":"2023-09-22T18:43:50.788Z","level":"error","message":"Invalid token."}
{"timestamp":"2023-09-22T18:43:50.799Z","level":"error","message":"Invalid token."}
{"timestamp":"2023-09-22T18:43:50.808Z","level":"error","message":"Invalid token."}
{"timestamp":"2023-09-22T18:43:50.817Z","level":"error","message":"Invalid token."}
{"timestamp":"2023-09-22T18:43:50.826Z","level":"error","message":"Invalid token."}
{"timestamp":"2023-09-22T18:43:50.835Z","level":"error","message":"Invalid token."}
{"timestamp":"2023-09-22T18:43:50.843Z","level":"error","message":"Invalid token."}
{"timestamp":"2023-09-22T18:43:50.852Z","level":"error","message":"Invalid token."}
{"timestamp":"2023-09-22T18:43:50.865Z","level":"error","message":"Invalid token."}
{"timestamp":"2023-09-22T18:43:50.874Z","level":"error","message":"Invalid token."}
{"timestamp":"2023-09-22T18:43:50.891Z","level":"error","message":"Unauthorized."}
{"timestamp":"2023-09-22T18:43:50.904Z","level":"error","message":"Invalid username or password."}
{"timestamp":"2023-09-22T18:43:50.913Z","level":"error","message":"Unauthorized."}
{"timestamp":"2023-09-22T18:43:50.922Z","level":"error","message":"Unauthorized."}
{"timestamp":"2023-09-22T18:43:50.929Z","level":"error","message":"Unauthorized."}
{"timestamp":"2023-09-22T18:43:50.937Z","level":"error","message":"Unauthorized."}
{"timestamp":"2023-09-22T18:43:50.944Z","level":"error","message":"Unauthorized."}
{"timestamp":"2023-09-22T18:43:50.953Z","level":"error","message":"Unauthorized."}
{"timestamp":"2023-09-22T18:43:50.960Z","level":"error","message":"Unauthorized."}
{"timestamp":"2023-09-22T18:43:50.971Z","level":"error","message":"Invalid token."}
{"timestamp":"2023-09-22T18:43:50.981Z","level":"error","message":"Invalid token."}
{"timestamp":"2023-09-22T18:43:50.995Z","level":"error","message":"Invalid token."}
{"timestamp":"2023-09-22T18:43:51.005Z","level":"error","message":"Invalid token."}
{"timestamp":"2023-09-22T18:43:51.017Z","level":"error","message":"Invalid token."}
{"timestamp":"2023-09-22T18:43:51.026Z","level":"error","message":"Invalid token."}
{"timestamp":"2023-09-22T18:43:51.037Z","level":"error","message":"Invalid token."}
{"timestamp":"2023-09-22T18:43:51.045Z","level":"error","message":"Invalid token."}
{"timestamp":"2023-09-22T18:43:51.054Z","level":"error","message":"Invalid token."}
{"timestamp":"2023-09-22T18:43:51.062Z","level":"error","message":"Invalid token."}
{"timestamp":"2023-09-22T18:43:51.070Z","level":"error","message":"Invalid token."}
{"timestamp":"2023-09-22T18:43:51.080Z","level":"error","message":"Invalid token."}
{"timestamp":"2023-09-22T18:43:51.089Z","level":"error","message":"Invalid token."}
{"timestamp":"2023-09-22T18:43:51.104Z","level":"error","message":"Invalid token."}
{"timestamp":"2023-09-22T18:44:35.718Z","level":"error","message":"Unauthorized."}
{"timestamp":"2023-09-22T18:44:35.750Z","level":"error","message":"Invalid username or password."}
{"timestamp":"2023-09-22T18:44:35.760Z","level":"error","message":"Invalid token."}
{"timestamp":"2023-09-22T18:44:35.774Z","level":"error","message":"Invalid token."}
{"timestamp":"2023-09-22T18:44:35.788Z","level":"error","message":"Invalid token."}
{"timestamp":"2023-09-22T18:44:35.802Z","level":"error","message":"Invalid token."}
{"timestamp":"2023-09-22T18:44:35.813Z","level":"error","message":"Invalid token."}
{"timestamp":"2023-09-22T18:44:35.823Z","level":"error","message":"Invalid token."}
{"timestamp":"2023-09-22T18:44:35.835Z","level":"error","message":"Invalid token."}
{"timestamp":"2023-09-22T18:44:35.849Z","level":"error","message":"Invalid token."}
{"timestamp":"2023-09-22T18:44:35.861Z","level":"error","message":"Invalid token."}
{"timestamp":"2023-09-22T18:44:35.872Z","level":"error","message":"Invalid token."}
{"timestamp":"2023-09-22T18:44:35.891Z","level":"error","message":"Invalid token."}
{"timestamp":"2023-09-22T18:44:35.908Z","level":"error","message":"Invalid token."}
{"timestamp":"2023-09-22T18:44:35.927Z","level":"error","message":"Invalid token."}
{"timestamp":"2023-09-22T18:44:35.939Z","level":"error","message":"Invalid token."}
{"timestamp":"2023-09-22T18:44:35.951Z","level":"error","message":"Invalid token."}
{"timestamp":"2023-09-22T18:44:35.965Z","level":"error","message":"Invalid token."}
{"timestamp":"2023-09-22T18:44:35.978Z","level":"error","message":"Invalid token."}
{"timestamp":"2023-09-22T18:44:35.995Z","level":"error","message":"Invalid token."}
{"timestamp":"2023-09-22T18:44:36.009Z","level":"error","message":"Invalid token."}
{"timestamp":"2023-09-22T18:44:36.021Z","level":"error","message":"Invalid token."}
{"timestamp":"2023-09-22T18:44:36.030Z","level":"error","message":"Invalid token."}
{"timestamp":"2023-09-22T18:44:36.041Z","level":"error","message":"Invalid token."}
{"timestamp":"2023-09-22T18:44:36.052Z","level":"error","message":"Invalid token."}
{"timestamp":"2023-09-22T18:44:36.063Z","level":"error","message":"Invalid token."}
{"timestamp":"2023-09-22T18:44:36.080Z","level":"error","message":"Unauthorized."}
{"timestamp":"2023-09-22T18:44:36.091Z","level":"error","message":"Invalid username or password."}
{"timestamp":"2023-09-22T18:44:36.100Z","level":"error","message":"Unauthorized."}
{"timestamp":"2023-09-22T18:44:36.110Z","level":"error","message":"Unauthorized."}
{"timestamp":"2023-09-22T18:44:36.120Z","level":"error","message":"Unauthorized."}
{"timestamp":"2023-09-22T18:44:36.128Z","level":"error","message":"Unauthorized."}
{"timestamp":"2023-09-22T18:44:36.134Z","level":"error","message":"Unauthorized."}
{"timestamp":"2023-09-22T18:44:36.145Z","level":"error","message":"Unauthorized."}
{"timestamp":"2023-09-22T18:44:36.154Z","level":"error","message":"Unauthorized."}
{"timestamp":"2023-09-22T18:44:36.163Z","level":"error","message":"Invalid token."}
{"timestamp":"2023-09-22T18:44:36.172Z","level":"error","message":"Invalid token."}
{"timestamp":"2023-09-22T18:44:36.185Z","level":"error","message":"Invalid token."}
{"timestamp":"2023-09-22T18:44:36.194Z","level":"error","message":"Invalid token."}
{"timestamp":"2023-09-22T18:44:36.204Z","level":"error","message":"Invalid token."}
{"timestamp":"2023-09-22T18:44:36.212Z","level":"error","message":"Invalid token."}
{"timestamp":"2023-09-22T18:44:36.220Z","level":"error","message":"Invalid token."}
{"timestamp":"2023-09-22T18:44:36.230Z","level":"error","message":"Invalid token."}
{"timestamp":"2023-09-22T18:44:36.238Z","level":"error","message":"Invalid token."}
{"timestamp":"2023-09-22T18:44:36.246Z","level":"error","message":"Invalid token."}
{"timestamp":"2023-09-22T18:44:36.254Z","level":"error","message":"Invalid token."}
{"timestamp":"2023-09-22T18:44:36.266Z","level":"error","message":"Invalid token."}
{"timestamp":"2023-09-22T18:44:36.275Z","level":"error","message":"Invalid token."}
{"timestamp":"2023-09-22T18:44:36.282Z","level":"error","message":"Invalid token."}
{"timestamp":"2023-09-22T18:50:50.768Z","level":"error","message":"Invalid username or password."}
{"timestamp":"2023-09-22T18:50:56.672Z","level":"error","message":"Invalid token."}
{"timestamp":"2023-09-22T18:51:19.430Z","level":"error","message":"Invalid username or password."}
{"timestamp":"2023-09-22T18:51:41.642Z","level":"error","message":"Invalid username or password."}
{"timestamp":"2023-09-22T18:51:54.418Z","level":"error","message":"Invalid username or password."}
{"timestamp":"2023-09-22T18:53:18.403Z","level":"error","message":"Invalid token."}
{"timestamp":"2023-09-22T19:08:49.915Z","level":"error","message":"Invalid username or password."}
{"timestamp":"2023-09-22T19:09:03.767Z","level":"error","message":"Invalid token."}
{"timestamp":"2023-09-22T19:09:18.187Z","level":"error","message":"Invalid username or password."}
{"timestamp":"2023-09-22T19:14:31.691Z","level":"error","message":"Invalid username or password."}
{"timestamp":"2023-09-22T19:15:24.255Z","level":"error","message":"Invalid username or password."}
{"timestamp":"2023-09-22T19:16:02.929Z","level":"error","message":"Invalid username or password."}
{"timestamp":"2023-09-22T19:16:14.331Z","level":"error","message":"Invalid username or password."}
{"timestamp":"2023-09-22T19:16:19.623Z","level":"error","message":"Invalid username or password."}
{"timestamp":"2023-09-22T19:17:55.573Z","level":"error","message":"Invalid username or password."}
{"timestamp":"2023-09-22T19:18:01.093Z","level":"error","message":"Invalid token."}
{"timestamp":"2023-09-22T19:18:13.500Z","level":"error","message":"Invalid token."}
{"timestamp":"2023-09-22T19:19:31.625Z","level":"error","message":"Unauthorized."}
{"timestamp":"2023-09-22T19:19:31.642Z","level":"error","message":"Unauthorized."}
{"timestamp":"2023-09-22T19:19:31.651Z","level":"error","message":"Unauthorized."}
{"timestamp":"2023-09-22T19:19:31.663Z","level":"error","message":"Unauthorized."}
{"timestamp":"2023-09-22T19:19:31.676Z","level":"error","message":"Unauthorized."}
{"timestamp":"2023-09-22T19:19:31.688Z","level":"error","message":"Unauthorized."}
{"timestamp":"2023-09-22T19:19:31.698Z","level":"error","message":"Unauthorized."}
{"timestamp":"2023-09-22T19:19:31.714Z","level":"error","message":"Unauthorized."}
{"timestamp":"2023-09-22T19:19:31.725Z","level":"error","message":"Unauthorized."}
{"timestamp":"2023-09-22T19:19:31.736Z","level":"error","message":"Unauthorized."}
{"timestamp":"2023-09-22T19:19:31.745Z","level":"error","message":"Unauthorized."}
{"timestamp":"2023-09-22T19:19:31.758Z","level":"error","message":"Page not found."}
{"timestamp":"2023-09-22T19:19:31.771Z","level":"error","message":"Page not found."}
{"timestamp":"2023-09-22T19:19:31.781Z","level":"error","message":"Page not found."}
{"timestamp":"2023-09-22T19:19:31.790Z","level":"error","message":"Page not found."}
{"timestamp":"2023-09-22T19:19:31.802Z","level":"error","message":"Page not found."}
{"timestamp":"2023-09-22T19:19:31.813Z","level":"error","message":"Page not found."}
{"timestamp":"2023-09-22T19:19:31.822Z","level":"error","message":"Page not found."}
{"timestamp":"2023-09-22T19:19:31.832Z","level":"error","message":"Unauthorized."}
{"timestamp":"2023-09-22T19:19:31.842Z","level":"error","message":"Unauthorized."}
{"timestamp":"2023-09-22T19:19:31.851Z","level":"error","message":"Page not found."}
{"timestamp":"2023-09-22T19:19:31.861Z","level":"error","message":"Page not found."}
{"timestamp":"2023-09-22T19:19:31.870Z","level":"error","message":"Unauthorized."}
{"timestamp":"2023-09-22T19:19:31.879Z","level":"error","message":"Unauthorized."}
{"timestamp":"2023-09-22T19:19:34.215Z","level":"error","message":"This username is already used."}
{"timestamp":"2023-09-22T19:19:34.229Z","level":"error","message":"User validation failed: username: A username is required."}
{"timestamp":"2023-09-22T19:19:34.245Z","level":"error","message":"User validation failed: password: A password is required."}
{"timestamp":"2023-09-22T19:19:34.259Z","level":"error","message":"User validation failed: password: Password is not valid."}
{"timestamp":"2023-09-22T19:19:34.272Z","level":"error","message":"User validation failed: password: Password is not valid."}
{"timestamp":"2023-09-22T19:19:34.286Z","level":"error","message":"User validation failed: password: Password is not valid."}
{"timestamp":"2023-09-22T19:19:34.324Z","level":"error","message":"Cast to ObjectId failed for value \"0000\" (type string) at path \"_id\" for model \"User\""}
{"timestamp":"2023-09-22T19:19:34.337Z","level":"error","message":"ID not found."}
{"timestamp":"2023-09-22T19:19:34.494Z","level":"error","message":"This username is already used."}
{"timestamp":"2023-09-22T19:19:34.627Z","level":"error","message":"Validation failed: username: A username is required."}
{"timestamp":"2023-09-22T19:19:34.638Z","level":"error","message":"Page not found."}
{"timestamp":"2023-09-22T19:19:34.647Z","level":"error","message":"Cast to ObjectId failed for value \"0000\" (type string) at path \"_id\" for model \"User\""}
{"timestamp":"2023-09-22T19:19:34.789Z","level":"error","message":"ID not found."}
{"timestamp":"2023-09-22T19:19:34.810Z","level":"error","message":"Page not found."}
{"timestamp":"2023-09-22T19:19:34.820Z","level":"error","message":"Cast to ObjectId failed for value \"0000\" (type string) at path \"_id\" for model \"User\""}
{"timestamp":"2023-09-22T19:19:34.832Z","level":"error","message":"ID not found."}
{"timestamp":"2023-09-22T19:20:56.030Z","level":"error","message":"Invalid token."}
{"timestamp":"2023-09-22T19:21:17.426Z","level":"error","message":"Unauthorized."}
{"timestamp":"2023-09-22T19:21:42.746Z","level":"error","message":"Unauthorized."}
{"timestamp":"2023-09-22T19:21:58.643Z","level":"error","message":"Invalid username or password."}
{"timestamp":"2023-09-22T19:22:45.155Z","level":"error","message":"Invalid token."}
{"timestamp":"2023-09-22T19:28:37.098Z","level":"error","message":"One or more tags are invalid."}
{"timestamp":"2023-09-22T19:28:42.515Z","level":"error","message":"Invalid token."}
{"timestamp":"2023-09-22T19:28:48.668Z","level":"error","message":"Invalid token."}
{"timestamp":"2023-09-22T19:41:08.089Z","level":"error","message":"Invalid token."}
{"timestamp":"2023-09-22T19:44:07.627Z","level":"error","message":"#<Object> is not a function"}
{"timestamp":"2023-09-22T19:44:30.898Z","level":"error","message":"Converting circular structure to JSON\n    --> starting at object with constructor 'MongoClient'\n    |     property 's' -> object with constructor 'Object'\n    |     property 'sessionPool' -> object with constructor 'ServerSessionPool'\n    --- property 'client' closes the circle"}
{"timestamp":"2023-09-22T19:48:46.120Z","level":"error","message":"Converting circular structure to JSON\n    --> starting at object with constructor 'MongoClient'\n    |     property 's' -> object with constructor 'Object'\n    |     property 'sessionPool' -> object with constructor 'ServerSessionPool'\n    --- property 'client' closes the circle"}
